0 info it worked if it ends with ok
1 verbose cli [ 'F:\\node\\node.exe',
1 verbose cli   'F:\\node\\node_modules\\npm\\bin\\npm-cli.js',
1 verbose cli   'run',
1 verbose cli   'dev' ]
2 info using npm@3.10.9
3 info using node@v6.9.2
4 verbose run-script [ 'predev', 'dev', 'postdev' ]
5 info lifecycle proyectomaterial@1.0.0~predev: proyectomaterial@1.0.0
6 silly lifecycle proyectomaterial@1.0.0~predev: no script for predev, continuing
7 info lifecycle proyectomaterial@1.0.0~dev: proyectomaterial@1.0.0
8 verbose lifecycle proyectomaterial@1.0.0~dev: unsafe-perm in lifecycle true
9 verbose lifecycle proyectomaterial@1.0.0~dev: PATH: F:\node\node_modules\npm\bin\node-gyp-bin;C:\Users\linkuzumaki\Documents\GitHub\proyectomaterial2\node_modules\.bin;C:\ProgramData\Oracle\Java\javapath;C:\Program Files (x86)\NVIDIA Corporation\PhysX\Common;C:\Program Files (x86)\Intel\iCLS Client\;C:\Program Files\Intel\iCLS Client\;C:\WINDOWS\system32;C:\WINDOWS;C:\WINDOWS\System32\Wbem;C:\WINDOWS\System32\WindowsPowerShell\v1.0\;C:\Program Files (x86)\Intel\Intel(R) Management Engine Components\DAL;C:\Program Files\Intel\Intel(R) Management Engine Components\DAL;C:\Program Files (x86)\Intel\Intel(R) Management Engine Components\IPT;C:\Program Files\Intel\Intel(R) Management Engine Components\IPT;F:\node\;C:\Program Files\Git\cmd;C:\Users\linkuzumaki\AppData\Roaming\npm
10 verbose lifecycle proyectomaterial@1.0.0~dev: CWD: C:\Users\linkuzumaki\Documents\GitHub\proyectomaterial2
11 silly lifecycle proyectomaterial@1.0.0~dev: Args: [ '/d /s /c', 'nodemon server.js' ]
12 silly lifecycle proyectomaterial@1.0.0~dev: Returned: code: 3221225786  signal: null
13 info lifecycle proyectomaterial@1.0.0~dev: Failed to exec dev script
14 verbose stack Error: proyectomaterial@1.0.0 dev: `nodemon server.js`
14 verbose stack Exit status 3221225786
14 verbose stack     at EventEmitter.<anonymous> (F:\node\node_modules\npm\lib\utils\lifecycle.js:255:16)
14 verbose stack     at emitTwo (events.js:106:13)
14 verbose stack     at EventEmitter.emit (events.js:191:7)
14 verbose stack     at ChildProcess.<anonymous> (F:\node\node_modules\npm\lib\utils\spawn.js:40:14)
14 verbose stack     at emitTwo (events.js:106:13)
14 verbose stack     at ChildProcess.emit (events.js:191:7)
14 verbose stack     at maybeClose (internal/child_process.js:877:16)
14 verbose stack     at Process.ChildProcess._handle.onexit (internal/child_process.js:226:5)
15 verbose pkgid proyectomaterial@1.0.0
16 verbose cwd C:\Users\linkuzumaki\Documents\GitHub\proyectomaterial2
17 error Windows_NT 10.0.10240
18 error argv "F:\\node\\node.exe" "F:\\node\\node_modules\\npm\\bin\\npm-cli.js" "run" "dev"
19 error node v6.9.2
20 error npm  v3.10.9
21 error code ELIFECYCLE
22 error proyectomaterial@1.0.0 dev: `nodemon server.js`
22 error Exit status 3221225786
23 error Failed at the proyectomaterial@1.0.0 dev script 'nodemon server.js'.
23 error Make sure you have the latest version of node.js and npm installed.
23 error If you do, this is most likely a problem with the proyectomaterial package,
23 error not with npm itself.
23 error Tell the author that this fails on your system:
23 error     nodemon server.js
23 error You can get information on how to open an issue for this project with:
23 error     npm bugs proyectomaterial
23 error Or if that isn't available, you can get their info via:
23 error     npm owner ls proyectomaterial
23 error There is likely additional logging output above.
24 verbose exit [ 1, true ]
